0 verbose cli D:\Program Files\nodejs\node.exe D:\Program Files\nodejs\node_modules\npm\bin\npm-cli.js
1 info using npm@11.4.2
2 info using node@v24.4.1
3 silly config load:file:d:\Users\marco\AppData\Roaming\nvm\v24.4.1\node_modules\npm\npmrc
4 silly config load:file:d:\Users\marco\Documents\GitHub\ofm-map-2\.npmrc
5 silly config load:file:C:\Users\marco\.npmrc
6 warn Unknown user config "cace". This will stop working in the next major version of npm.
7 silly config load:file:D:\Program Files\nodejs\etc\npmrc
8 verbose title npm outdated
9 verbose argv "outdated" "--json"
10 verbose logfile logs-max:10 dir:d:\Users\marco\Documents\GitHub\ofm-map-2\_logs\2025-07-28T13_26_53_397Z-
11 verbose logfile d:\Users\marco\Documents\GitHub\ofm-map-2\_logs\2025-07-28T13_26_53_397Z-debug-0.log
12 silly logfile done cleaning log files
13 silly packumentCache heap:4496293888 maxSize:1124073472 maxEntrySize:562036736
14 http fetch GET 200 https://registry.npmjs.org/@angular%2fcompiler 2187ms (cache revalidated)
15 http fetch GET 200 https://registry.npmjs.org/rxjs 2209ms (cache revalidated)
16 http fetch GET 200 https://registry.npmjs.org/@angular%2fplatform-browser 2273ms (cache revalidated)
17 http fetch GET 200 https://registry.npmjs.org/@angular%2fforms 2339ms (cache revalidated)
18 http fetch GET 200 https://registry.npmjs.org/karma-coverage 2267ms (cache revalidated)
19 http fetch GET 200 https://registry.npmjs.org/@angular%2frouter 2380ms (cache revalidated)
20 http fetch GET 200 https://registry.npmjs.org/karma-jasmine-html-reporter 2317ms (cache revalidated)
21 http fetch GET 200 https://registry.npmjs.org/jasmine-core 2346ms (cache revalidated)
22 http fetch GET 200 https://registry.npmjs.org/@types%2fjasmine 2368ms (cache revalidated)
23 http fetch GET 200 https://registry.npmjs.org/karma 2372ms (cache revalidated)
24 http fetch GET 200 https://registry.npmjs.org/@angular%2fcli 2496ms (cache revalidated)
25 http fetch GET 200 https://registry.npmjs.org/karma-jasmine 2467ms (cache revalidated)
26 http fetch GET 200 https://registry.npmjs.org/@angular%2fbuild 2566ms (cache revalidated)
27 http fetch GET 200 https://registry.npmjs.org/@angular%2fcompiler-cli 2550ms (cache revalidated)
28 http fetch GET 200 https://registry.npmjs.org/karma-chrome-launcher 2564ms (cache revalidated)
29 http fetch GET 200 https://registry.npmjs.org/tslib 2652ms (cache revalidated)
30 http fetch GET 200 https://registry.npmjs.org/@angular%2fcommon 2728ms (cache revalidated)
31 http fetch GET 200 https://registry.npmjs.org/@angular%2fcore 2722ms (cache revalidated)
32 http fetch GET 200 https://registry.npmjs.org/typescript 2664ms (cache revalidated)
33 verbose cwd d:\Users\marco\Documents\GitHub\ofm-map-2
34 verbose os Windows_NT 10.0.18363
35 verbose node v24.4.1
36 verbose npm  v11.4.2
37 verbose exit 1
38 verbose code 1
