0 verbose cli D:\Program Files\nodejs\node.exe D:\Program Files\nodejs\node_modules\npm\bin\npm-cli.js
1 info using npm@11.4.2
2 info using node@v24.4.1
3 silly config load:file:d:\Users\marco\AppData\Roaming\nvm\v24.4.1\node_modules\npm\npmrc
4 silly config load:file:d:\Users\marco\Documents\GitHub\ofm-map-2\.npmrc
5 silly config load:file:C:\Users\marco\.npmrc
6 warn Unknown user config "cace". This will stop working in the next major version of npm.
7 silly config load:file:D:\Program Files\nodejs\etc\npmrc
8 verbose title npm outdated
9 verbose argv "outdated" "--json"
10 verbose logfile logs-max:10 dir:d:\Users\marco\Documents\GitHub\ofm-map-2\_logs\2025-07-28T13_19_21_449Z-
11 verbose logfile d:\Users\marco\Documents\GitHub\ofm-map-2\_logs\2025-07-28T13_19_21_449Z-debug-0.log
12 silly logfile done cleaning log files
13 silly packumentCache heap:4496293888 maxSize:1124073472 maxEntrySize:562036736
14 http fetch GET 200 https://registry.npmjs.org/karma-jasmine-html-reporter 2603ms (cache miss)
15 http fetch GET 200 https://registry.npmjs.org/karma-chrome-launcher 2622ms (cache miss)
16 http fetch GET 200 https://registry.npmjs.org/jasmine-core 2655ms (cache miss)
17 http fetch GET 200 https://registry.npmjs.org/karma-coverage 2691ms (cache miss)
18 http fetch GET 200 https://registry.npmjs.org/karma-jasmine 2848ms (cache miss)
19 http fetch GET 200 https://registry.npmjs.org/tslib 2882ms (cache miss)
20 http fetch GET 200 https://registry.npmjs.org/@angular%2fbuild 3066ms (cache miss)
21 http fetch GET 200 https://registry.npmjs.org/karma 3139ms (cache miss)
22 http fetch GET 200 https://registry.npmjs.org/@types%2fjasmine 3471ms (cache miss)
23 http fetch GET 200 https://registry.npmjs.org/rxjs 3524ms (cache miss)
24 http fetch GET 200 https://registry.npmjs.org/@angular%2fcore 4367ms (cache miss)
25 http fetch GET 200 https://registry.npmjs.org/@angular%2fcommon 4423ms (cache miss)
26 http fetch GET 200 https://registry.npmjs.org/@angular%2fforms 4505ms (cache miss)
27 http fetch GET 200 https://registry.npmjs.org/@angular%2fcompiler 4628ms (cache miss)
28 http fetch GET 200 https://registry.npmjs.org/@angular%2frouter 4741ms (cache miss)
29 http fetch GET 200 https://registry.npmjs.org/@angular%2fplatform-browser 4793ms (cache miss)
30 http fetch GET 200 https://registry.npmjs.org/@angular%2fcli 5053ms (cache miss)
31 http fetch GET 200 https://registry.npmjs.org/@angular%2fcompiler-cli 5436ms (cache miss)
32 http fetch GET 200 https://registry.npmjs.org/typescript 10939ms (cache miss)
33 verbose cwd d:\Users\marco\Documents\GitHub\ofm-map-2
34 verbose os Windows_NT 10.0.18363
35 verbose node v24.4.1
36 verbose npm  v11.4.2
37 verbose exit 1
38 verbose code 1
